<?xml version="1.0" encoding="UTF-8"?>
<!-- Generated by org.testng.reporters.JUnitXMLReporter -->
<testsuite ignored="0" hostname="DESKTOP-7G54ESA" failures="2" tests="7" name="Test" time="55.849" errors="0" timestamp="2024-08-14T23:28:55 IST">
  <testcase classname="com.Makemyng.Hotel" name="hotel" time="40.868">
    <failure type="org.openqa.selenium.NoSuchElementException" message="no such element: Unable to locate element: {&amp;quot;method&amp;quot;:&amp;quot;xpath&amp;quot;,&amp;quot;selector&amp;quot;:&amp;quot;//b[text()=&amp;quot;Goa&amp;quot;]/preceding::p[contains(text(),&amp;quot;City in India&amp;quot;)]&amp;quot;}
  (Session info: MicrosoftEdge=127.0.2651.98)
For documentation on this error, please visit: https://www.selenium.dev/documentation/webdriver/troubleshooting/errors#no-such-element-exception
Build info: version: &amp;apos;4.21.0&amp;apos;, revision: &amp;apos;79ed462ef4&amp;apos;
System info: os.name: &amp;apos;Windows 10&amp;apos;, os.arch: &amp;apos;amd64&amp;apos;, os.version: &amp;apos;10.0&amp;apos;, java.version: &amp;apos;17.0.11&amp;apos;
Driver info: org.openqa.selenium.edge.EdgeDriver
Command: [e0243c87e6fac379790a21612462d60b, findElement {using=xpath, value=//b[text()=&amp;quot;Goa&amp;quot;]/preceding::p[contains(text(),&amp;quot;City in India&amp;quot;)]}]
Capabilities {acceptInsecureCerts: false, browserName: MicrosoftEdge, browserVersion: 127.0.2651.98, fedcm:accounts: true, ms:edgeOptions: {debuggerAddress: localhost:58245}, msedge: {msedgedriverVersion: 127.0.2651.98 (9996f88545e1..., userDataDir: C:\Windows\SystemTemp\scope...}, networkConnectionEnabled: false, pageLoadStrategy: normal, platformName: windows, proxy: Proxy(), se:cdp: ws://localhost:58245/devtoo..., se:cdpVersion: 127.0.2651.98, setWindowRect: true, strictFileInteractability: false, timeouts: {implicit: 0, pageLoad: 300000, script: 30000}, unhandledPromptBehavior: dismiss and notify, webauthn:extension:credBlob: true, webauthn:extension:largeBlob: true, webauthn:extension:minPinLength: true, webauthn:extension:prf: true, webauthn:virtualAuthenticators: true}
Session ID: e0243c87e6fac379790a21612462d60b">
      <![CDATA[org.openqa.selenium.NoSuchElementException: no such element: Unable to locate element: {"method":"xpath","selector":"//b[text()="Goa"]/preceding::p[contains(text(),"City in India")]"}
  (Session info: MicrosoftEdge=127.0.2651.98)
For documentation on this error, please visit: https://www.selenium.dev/documentation/webdriver/troubleshooting/errors#no-such-element-exception
Build info: version: '4.21.0', revision: '79ed462ef4'
System info: os.name: 'Windows 10', os.arch: 'amd64', os.version: '10.0', java.version: '17.0.11'
Driver info: org.openqa.selenium.edge.EdgeDriver
Command: [e0243c87e6fac379790a21612462d60b, findElement {using=xpath, value=//b[text()="Goa"]/preceding::p[contains(text(),"City in India")]}]
Capabilities {acceptInsecureCerts: false, browserName: MicrosoftEdge, browserVersion: 127.0.2651.98, fedcm:accounts: true, ms:edgeOptions: {debuggerAddress: localhost:58245}, msedge: {msedgedriverVersion: 127.0.2651.98 (9996f88545e1..., userDataDir: C:\Windows\SystemTemp\scope...}, networkConnectionEnabled: false, pageLoadStrategy: normal, platformName: windows, proxy: Proxy(), se:cdp: ws://localhost:58245/devtoo..., se:cdpVersion: 127.0.2651.98, setWindowRect: true, strictFileInteractability: false, timeouts: {implicit: 0, pageLoad: 300000, script: 30000}, unhandledPromptBehavior: dismiss and notify, webauthn:extension:credBlob: true, webauthn:extension:largeBlob: true, webauthn:extension:minPinLength: true, webauthn:extension:prf: true, webauthn:virtualAuthenticators: true}
Session ID: e0243c87e6fac379790a21612462d60b
at org.openqa.selenium.remote.ErrorCodec.decode(ErrorCodec.java:167)
at org.openqa.selenium.remote.codec.w3c.W3CHttpResponseCodec.decode(W3CHttpResponseCodec.java:138)
at org.openqa.selenium.remote.codec.w3c.W3CHttpResponseCodec.decode(W3CHttpResponseCodec.java:50)
at org.openqa.selenium.remote.HttpCommandExecutor.execute(HttpCommandExecutor.java:190)
at org.openqa.selenium.remote.service.DriverCommandExecutor.invokeExecute(DriverCommandExecutor.java:216)
at org.openqa.selenium.remote.service.DriverCommandExecutor.execute(DriverCommandExecutor.java:174)
at org.openqa.selenium.remote.RemoteWebDriver.execute(RemoteWebDriver.java:518)
at org.openqa.selenium.remote.ElementLocation$ElementFinder$2.findElement(ElementLocation.java:165)
at org.openqa.selenium.remote.ElementLocation.findElement(ElementLocation.java:59)
at org.openqa.selenium.remote.RemoteWebDriver.findElement(RemoteWebDriver.java:355)
at org.openqa.selenium.remote.RemoteWebDriver.findElement(RemoteWebDriver.java:349)
at com.Makemyng.Hotel.hotel(Hotel.java:83)
at java.base/java.util.ArrayList.forEach(ArrayList.java:1511)
... Removed 32 stack frames]]>
    </failure>
  </testcase> <!-- hotel -->
  <testcase classname="com.Makemyng.Hotel" name="checkinDate" time="0.002"/>
  <testcase classname="com.Makemyng.Hotel" name="checkoutDate" time="0.003"/>
  <testcase classname="com.Makemyng.Hotel" name="room_Guest" time="1.279">
    <failure type="org.openqa.selenium.ElementClickInterceptedException" message="element click intercepted: Element &amp;lt;span data-cy=&amp;quot;guestLabel&amp;quot; class=&amp;quot;lbl_input appendBottom5&amp;quot;&amp;gt;...&amp;lt;/span&amp;gt; is not clickable at point (872, 257). Other element would receive the click: &amp;lt;input data-cy=&amp;quot;guest&amp;quot; id=&amp;quot;guest&amp;quot; type=&amp;quot;text&amp;quot; class=&amp;quot;hsw_inputField guests font20&amp;quot; readonly=&amp;quot;&amp;quot;&amp;gt;
  (Session info: MicrosoftEdge=127.0.2651.98)
Build info: version: &amp;apos;4.21.0&amp;apos;, revision: &amp;apos;79ed462ef4&amp;apos;
System info: os.name: &amp;apos;Windows 10&amp;apos;, os.arch: &amp;apos;amd64&amp;apos;, os.version: &amp;apos;10.0&amp;apos;, java.version: &amp;apos;17.0.11&amp;apos;
Driver info: org.openqa.selenium.edge.EdgeDriver
Command: [e0243c87e6fac379790a21612462d60b, clickElement {id=f.58D906FAB2A5C8C263BBFABDD397BB65.d.5FADCAC0B6F02C13951D6163523C1ADC.e.96}]
Capabilities {acceptInsecureCerts: false, browserName: MicrosoftEdge, browserVersion: 127.0.2651.98, fedcm:accounts: true, ms:edgeOptions: {debuggerAddress: localhost:58245}, msedge: {msedgedriverVersion: 127.0.2651.98 (9996f88545e1..., userDataDir: C:\Windows\SystemTemp\scope...}, networkConnectionEnabled: false, pageLoadStrategy: normal, platformName: windows, proxy: Proxy(), se:cdp: ws://localhost:58245/devtoo..., se:cdpVersion: 127.0.2651.98, setWindowRect: true, strictFileInteractability: false, timeouts: {implicit: 0, pageLoad: 300000, script: 30000}, unhandledPromptBehavior: dismiss and notify, webauthn:extension:credBlob: true, webauthn:extension:largeBlob: true, webauthn:extension:minPinLength: true, webauthn:extension:prf: true, webauthn:virtualAuthenticators: true}
Element: [[EdgeDriver: MicrosoftEdge on windows (e0243c87e6fac379790a21612462d60b)] -&amp;gt; xpath: //span[text()=&amp;apos;Rooms &amp;amp; Guests&amp;apos;]]
Session ID: e0243c87e6fac379790a21612462d60b">
      <![CDATA[org.openqa.selenium.ElementClickInterceptedException: element click intercepted: Element <span data-cy="guestLabel" class="lbl_input appendBottom5">...</span> is not clickable at point (872, 257). Other element would receive the click: <input data-cy="guest" id="guest" type="text" class="hsw_inputField guests font20" readonly="">
  (Session info: MicrosoftEdge=127.0.2651.98)
Build info: version: '4.21.0', revision: '79ed462ef4'
System info: os.name: 'Windows 10', os.arch: 'amd64', os.version: '10.0', java.version: '17.0.11'
Driver info: org.openqa.selenium.edge.EdgeDriver
Command: [e0243c87e6fac379790a21612462d60b, clickElement {id=f.58D906FAB2A5C8C263BBFABDD397BB65.d.5FADCAC0B6F02C13951D6163523C1ADC.e.96}]
Capabilities {acceptInsecureCerts: false, browserName: MicrosoftEdge, browserVersion: 127.0.2651.98, fedcm:accounts: true, ms:edgeOptions: {debuggerAddress: localhost:58245}, msedge: {msedgedriverVersion: 127.0.2651.98 (9996f88545e1..., userDataDir: C:\Windows\SystemTemp\scope...}, networkConnectionEnabled: false, pageLoadStrategy: normal, platformName: windows, proxy: Proxy(), se:cdp: ws://localhost:58245/devtoo..., se:cdpVersion: 127.0.2651.98, setWindowRect: true, strictFileInteractability: false, timeouts: {implicit: 0, pageLoad: 300000, script: 30000}, unhandledPromptBehavior: dismiss and notify, webauthn:extension:credBlob: true, webauthn:extension:largeBlob: true, webauthn:extension:minPinLength: true, webauthn:extension:prf: true, webauthn:virtualAuthenticators: true}
Element: [[EdgeDriver: MicrosoftEdge on windows (e0243c87e6fac379790a21612462d60b)] -> xpath: //span[text()='Rooms & Guests']]
Session ID: e0243c87e6fac379790a21612462d60b
at org.openqa.selenium.remote.ErrorCodec.decode(ErrorCodec.java:167)
at org.openqa.selenium.remote.codec.w3c.W3CHttpResponseCodec.decode(W3CHttpResponseCodec.java:138)
at org.openqa.selenium.remote.codec.w3c.W3CHttpResponseCodec.decode(W3CHttpResponseCodec.java:50)
at org.openqa.selenium.remote.HttpCommandExecutor.execute(HttpCommandExecutor.java:190)
at org.openqa.selenium.remote.service.DriverCommandExecutor.invokeExecute(DriverCommandExecutor.java:216)
at org.openqa.selenium.remote.service.DriverCommandExecutor.execute(DriverCommandExecutor.java:174)
at org.openqa.selenium.remote.RemoteWebDriver.execute(RemoteWebDriver.java:518)
at org.openqa.selenium.remote.RemoteWebElement.execute(RemoteWebElement.java:223)
at org.openqa.selenium.remote.RemoteWebElement.click(RemoteWebElement.java:76)
at com.Makemyng.Hotel.room_Guest(Hotel.java:106)
at java.base/java.util.ArrayList.forEach(ArrayList.java:1511)
... Removed 32 stack frames]]>
    </failure>
  </testcase> <!-- room_Guest -->
  <testcase classname="com.Makemyng.Hotel" name="price" time="0.834"/>
  <testcase classname="com.Makemyng.Hotel" name="search" time="5.165"/>
  <testcase classname="com.Makemyng.Hotel" name="validate" time="0.757"/>
</testsuite> <!-- Test -->
